<?xml version="1.0" encoding="UTF-8"?>
<!-- Generated by org.testng.reporters.JUnitReportReporter -->
<testsuite hostname="DESKTOP-JFR5O47" failures="0" tests="1" name="org.vtiger.practice.ExtentReportPracticeTest" time="57.432" errors="0" timestamp="2022-10-01T18:42:41 IST" skipped="0">
  <testcase classname="org.vtiger.practice.ExtentReportPracticeTest" name="extentReportPracticeTest" time="57.432"/>
  <system-out/>
</testsuite> <!-- org.vtiger.practice.ExtentReportPracticeTest -->
