<?xml version="1.0" encoding="UTF-8"?>
<!-- Generated by org.testng.reporters.JUnitReportReporter -->
<testsuite hostname="DESKTOP-JFR5O47" failures="0" tests="1" name="org.vtiger.campaigns.CreateCampaignTest" time="49.828" errors="0" timestamp="2022-09-13T11:07:30 IST" skipped="0">
  <testcase classname="org.vtiger.campaigns.CreateCampaignTest" name="executeTestScript" time="49.828"/>
  <system-out/>
</testsuite> <!-- org.vtiger.campaigns.CreateCampaignTest -->
