<?xml version="1.0" encoding="UTF-8"?>
<!-- Generated by org.testng.reporters.JUnitReportReporter -->
<testsuite hostname="DESKTOP-JFR5O47" failures="0" tests="1" name="org.vtiger.documents.CreateDocumentTest" time="19.730" errors="0" timestamp="2022-12-07T21:27:08 IST" skipped="0">
  <testcase classname="org.vtiger.documents.CreateDocumentTest" name="createDocumentTest" time="19.730"/>
  <system-out>
    <![CDATA[createDocumentTest Success]]>
  </system-out>
</testsuite> <!-- org.vtiger.documents.CreateDocumentTest -->
