<?xml version="1.0" encoding="UTF-8"?>
<!-- Generated by org.testng.reporters.JUnitReportReporter -->
<testsuite hostname="DESKTOP-JFR5O47" failures="0" tests="1" name="org.vtiger.Campaign.CreateCampaignTest" time="34.960" errors="0" timestamp="2022-12-07T21:22:58 IST" skipped="0">
  <testcase classname="org.vtiger.Campaign.CreateCampaignTest" name="executeTestScript" time="34.960"/>
  <system-out/>
</testsuite> <!-- org.vtiger.Campaign.CreateCampaignTest -->
