<?xml version="1.0" encoding="UTF-8"?>
<!-- Generated by org.testng.reporters.JUnitReportReporter -->
<testsuite hostname="DESKTOP-JFR5O47" failures="0" tests="1" name="org.vtiger.products.CreateProductTest" time="27.719" errors="0" timestamp="2022-12-07T21:51:11 IST" skipped="0">
  <testcase classname="org.vtiger.products.CreateProductTest" name="createProductTest" time="27.719"/>
  <system-out/>
</testsuite> <!-- org.vtiger.products.CreateProductTest -->
