<?xml version="1.0" encoding="UTF-8"?>
<!-- Generated by org.testng.reporters.JUnitReportReporter -->
<testsuite hostname="DESKTOP-JFR5O47" failures="0" tests="1" name="org.vtiger.Campaign.CreateCampaignWithProductTest" time="31.910" errors="0" timestamp="2022-12-07T21:23:53 IST" skipped="0">
  <testcase classname="org.vtiger.Campaign.CreateCampaignWithProductTest" name="createCampaignWithProductTest" time="31.910"/>
  <system-out/>
</testsuite> <!-- org.vtiger.Campaign.CreateCampaignWithProductTest -->
