<?xml version="1.0" encoding="UTF-8"?>
<!-- Generated by org.testng.reporters.JUnitReportReporter -->
<testsuite hostname="DESKTOP-JFR5O47" failures="0" tests="1" name="org.vtiger.practice.BrokenLinkPracticeTest" time="243.563" errors="0" timestamp="2022-09-23T14:16:48 IST" skipped="0">
  <testcase classname="org.vtiger.practice.BrokenLinkPracticeTest" name="verifyLinks" time="243.563"/>
  <system-out/>
</testsuite> <!-- org.vtiger.practice.BrokenLinkPracticeTest -->
