<?xml version="1.0" encoding="UTF-8"?>
<!-- Generated by org.testng.reporters.JUnitReportReporter -->
<testsuite hostname="DESKTOP-JFR5O47" failures="0" tests="1" name="org.vtiger.practice.AllurePracticeTest" time="0.092" errors="0" timestamp="2022-08-08T15:52:07 IST" skipped="0">
  <testcase classname="org.vtiger.practice.AllurePracticeTest" name="allurePracticeTest" time="0.092"/>
  <system-out/>
</testsuite> <!-- org.vtiger.practice.AllurePracticeTest -->
