<?xml version="1.0" encoding="UTF-8"?>
<!-- Generated by org.testng.reporters.JUnitReportReporter -->
<testsuite hostname="DESKTOP-JFR5O47" failures="0" tests="1" name="org.vtiger.Organization.CreateOrganizationWithIndustryAndTypeTest" time="18.470" errors="0" timestamp="2022-12-07T21:42:04 IST" skipped="0">
  <testcase classname="org.vtiger.Organization.CreateOrganizationWithIndustryAndTypeTest" name="createOrganizationWithIndustryAndTypeTest" time="18.470"/>
  <system-out/>
</testsuite> <!-- org.vtiger.Organization.CreateOrganizationWithIndustryAndTypeTest -->
