<?xml version="1.0" encoding="UTF-8"?>
<!-- Generated by org.testng.reporters.JUnitReportReporter -->
<testsuite hostname="DESKTOP-JFR5O47" failures="0" tests="1" name="org.vtiger.Organization.RandomlySelectOrganizationAndDeleteOrganizationTest" time="20.875" errors="0" timestamp="2022-12-07T22:10:11 IST" skipped="0">
  <testcase classname="org.vtiger.Organization.RandomlySelectOrganizationAndDeleteOrganizationTest" name="randomlySelectOrganizationAndDeleteOrganizationTest" time="20.875"/>
  <system-out/>
</testsuite> <!-- org.vtiger.Organization.RandomlySelectOrganizationAndDeleteOrganizationTest -->
