<?xml version="1.0" encoding="UTF-8"?>
<!-- Generated by org.testng.reporters.JUnitReportReporter -->
<testsuite hostname="DESKTOP-JFR5O47" failures="0" tests="1" name="org.vtiger.Contacts.CreateContactTest" time="19.738" errors="0" timestamp="2022-12-07T21:24:35 IST" skipped="0">
  <testcase classname="org.vtiger.Contacts.CreateContactTest" name="createContactTest" time="19.738"/>
  <system-out/>
</testsuite> <!-- org.vtiger.Contacts.CreateContactTest -->
