<?xml version="1.0" encoding="UTF-8"?>
<!-- Generated by org.testng.reporters.JUnitReportReporter -->
<testsuite hostname="DESKTOP-JFR5O47" failures="0" tests="1" name="org.vtiger.practice.Practice" time="17.908" errors="0" timestamp="2022-08-01T10:35:13 IST" skipped="0">
  <testcase classname="org.vtiger.practice.Practice" name="practiceTest" time="17.908"/>
  <system-out/>
</testsuite> <!-- org.vtiger.practice.Practice -->
