<?xml version="1.0" encoding="UTF-8"?>
<!-- Generated by org.testng.reporters.JUnitReportReporter -->
<testsuite hostname="DESKTOP-JFR5O47" failures="0" tests="1" name="org.vtiger.Strategy.CreateCampaignTest" time="29.662" errors="0" timestamp="2022-09-13T11:24:43 IST" skipped="0">
  <testcase classname="org.vtiger.Strategy.CreateCampaignTest" name="executeTestScript" time="29.662"/>
  <system-out/>
</testsuite> <!-- org.vtiger.Strategy.CreateCampaignTest -->
