<?xml version="1.0" encoding="UTF-8"?>
<!-- Generated by org.testng.reporters.JUnitReportReporter -->
<testsuite hostname="DESKTOP-JFR5O47" failures="0" tests="1" name="org.vtiger.Organization.CreateOrganizationTest" time="24.872" errors="0" timestamp="2022-12-07T21:40:46 IST" skipped="0">
  <testcase classname="org.vtiger.Organization.CreateOrganizationTest" name="createOrganizationTest" time="24.872"/>
  <system-out/>
</testsuite> <!-- org.vtiger.Organization.CreateOrganizationTest -->
