<?xml version="1.0" encoding="UTF-8"?>
<!-- Generated by org.testng.reporters.JUnitReportReporter -->
<testsuite hostname="DESKTOP-JFR5O47" failures="0" tests="1" name="org.vtiger.practice.CreateCampaignWithPropertiesFileTest" time="72.287" errors="0" timestamp="2022-08-03T16:10:59 IST" skipped="0">
  <testcase classname="org.vtiger.practice.CreateCampaignWithPropertiesFileTest" name="test" time="72.287"/>
  <system-out/>
</testsuite> <!-- org.vtiger.practice.CreateCampaignWithPropertiesFileTest -->
