<?xml version="1.0" encoding="UTF-8"?>
<!-- Generated by org.testng.reporters.JUnitReportReporter -->
<testsuite hostname="DESKTOP-JFR5O47" failures="0" tests="1" name="org.crm.Campaign.CreateCampaignTest" time="27.661" errors="0" timestamp="2022-12-07T23:15:51 IST" skipped="0">
  <testcase classname="org.crm.Campaign.CreateCampaignTest" name="executeTestScript" time="27.661"/>
  <system-out/>
</testsuite> <!-- org.crm.Campaign.CreateCampaignTest -->
