<?xml version="1.0" encoding="UTF-8"?>
<!-- Generated by org.testng.reporters.JUnitXMLReporter -->
<testsuite ignored="15" hostname="LAPTOP-E6GBO1VS" failures="0" tests="6" name="Test-Block-Firefox" time="229.695" errors="0" timestamp="2022-09-09T14:23:46 IST">
  <testcase classname="org.vtiger.campaigns.CreateCampaignTest" name="executeTestScript" time="37.422"/>
  <testcase classname="org.vtiger.products.CreateProductTest" name="createProductTest" time="23.459"/>
  <testcase classname="org.vtiger.documents.CreateDocumentTest" name="createDocumentTest" time="19.505"/>
  <testcase classname="org.vtiger.Contacts.CreateContactTest" name="createContactTest" time="22.972"/>
  <testcase classname="org.vtiger.Organization.CreateOrganizationTest" name="createOrganizationTest" time="19.484"/>
  <testcase classname="org.vtiger.Organization.CreateOrganizationWithIndustryAndTypeTest" name="createOrganizationWithIndustryAndTypeTest" time="19.008"/>
  <testcase classname="org.tyss.genericUtility.BaseClass1" name="@BeforeTest testScriptExecutionSetup" time="0.0">
    <ignored/>
  </testcase> <!-- @BeforeTest testScriptExecutionSetup -->
  <testcase classname="org.tyss.genericUtility.BaseClass1" name="@BeforeTest testScriptExecutionSetup" time="0.0">
    <ignored/>
  </testcase> <!-- @BeforeTest testScriptExecutionSetup -->
  <testcase classname="org.tyss.genericUtility.BaseClass1" name="@BeforeTest testScriptExecutionSetup" time="0.0">
    <ignored/>
  </testcase> <!-- @BeforeTest testScriptExecutionSetup -->
  <testcase classname="org.tyss.genericUtility.BaseClass1" name="@BeforeTest testScriptExecutionSetup" time="0.0">
    <ignored/>
  </testcase> <!-- @BeforeTest testScriptExecutionSetup -->
  <testcase classname="org.tyss.genericUtility.BaseClass1" name="@BeforeTest testScriptExecutionSetup" time="0.0">
    <ignored/>
  </testcase> <!-- @BeforeTest testScriptExecutionSetup -->
  <testcase classname="org.tyss.genericUtility.BaseClass1" name="@AfterTest closeBrowser" time="0.0">
    <ignored/>
  </testcase> <!-- @AfterTest closeBrowser -->
  <testcase classname="org.tyss.genericUtility.BaseClass1" name="@AfterTest closeBrowser" time="0.0">
    <ignored/>
  </testcase> <!-- @AfterTest closeBrowser -->
  <testcase classname="org.tyss.genericUtility.BaseClass1" name="@AfterTest closeBrowser" time="0.0">
    <ignored/>
  </testcase> <!-- @AfterTest closeBrowser -->
  <testcase classname="org.tyss.genericUtility.BaseClass1" name="@AfterTest closeBrowser" time="0.0">
    <ignored/>
  </testcase> <!-- @AfterTest closeBrowser -->
  <testcase classname="org.tyss.genericUtility.BaseClass1" name="@AfterTest closeBrowser" time="0.0">
    <ignored/>
  </testcase> <!-- @AfterTest closeBrowser -->
  <testcase classname="org.tyss.genericUtility.BaseClass1" name="@AfterSuite closeConnection" time="0.0">
    <ignored/>
  </testcase> <!-- @AfterSuite closeConnection -->
  <testcase classname="org.tyss.genericUtility.BaseClass1" name="@AfterSuite closeConnection" time="0.0">
    <ignored/>
  </testcase> <!-- @AfterSuite closeConnection -->
  <testcase classname="org.tyss.genericUtility.BaseClass1" name="@AfterSuite closeConnection" time="0.0">
    <ignored/>
  </testcase> <!-- @AfterSuite closeConnection -->
  <testcase classname="org.tyss.genericUtility.BaseClass1" name="@AfterSuite closeConnection" time="0.0">
    <ignored/>
  </testcase> <!-- @AfterSuite closeConnection -->
  <testcase classname="org.tyss.genericUtility.BaseClass1" name="@AfterSuite closeConnection" time="0.0">
    <ignored/>
  </testcase> <!-- @AfterSuite closeConnection -->
</testsuite> <!-- Test-Block-Firefox -->
