<?xml version="1.0" encoding="UTF-8"?>
<!-- Generated by org.testng.reporters.JUnitXMLReporter -->
<testsuite ignored="3" hostname="LAPTOP-E6GBO1VS" failures="0" tests="2" name="Test-Block 2" time="98.74" errors="0" timestamp="2022-09-09T14:33:16 IST">
  <testcase classname="org.vtiger.Contacts.CreateContactTest" name="createContactTest" time="37.627"/>
  <testcase classname="org.vtiger.documents.CreateDocumentTest" name="createDocumentTest" time="24.324"/>
  <testcase classname="org.tyss.genericUtility.BaseClass1" name="@BeforeTest testScriptExecutionSetup" time="0.0">
    <ignored/>
  </testcase> <!-- @BeforeTest testScriptExecutionSetup -->
  <testcase classname="org.tyss.genericUtility.BaseClass1" name="@AfterTest closeBrowser" time="0.0">
    <ignored/>
  </testcase> <!-- @AfterTest closeBrowser -->
  <testcase classname="org.tyss.genericUtility.BaseClass1" name="@AfterSuite closeConnection" time="0.0">
    <ignored/>
  </testcase> <!-- @AfterSuite closeConnection -->
</testsuite> <!-- Test-Block 2 -->
