<?xml version="1.0" encoding="UTF-8"?>
<!-- Generated by org.testng.reporters.JUnitXMLReporter -->
<testsuite ignored="3" hostname="LAPTOP-E6GBO1VS" failures="0" tests="2" name="Test-Block 3" time="102.851" errors="0" timestamp="2022-09-09T14:33:20 IST">
  <testcase classname="org.vtiger.Organization.CreateOrganizationTest" name="createOrganizationTest" time="23.593"/>
  <testcase classname="org.vtiger.Organization.CreateOrganizationWithIndustryAndTypeTest" name="createOrganizationWithIndustryAndTypeTest" time="26.684"/>
  <testcase classname="org.tyss.genericUtility.BaseClass1" name="@BeforeTest testScriptExecutionSetup" time="0.0">
    <ignored/>
  </testcase> <!-- @BeforeTest testScriptExecutionSetup -->
  <testcase classname="org.tyss.genericUtility.BaseClass1" name="@AfterTest closeBrowser" time="0.0">
    <ignored/>
  </testcase> <!-- @AfterTest closeBrowser -->
  <testcase classname="org.tyss.genericUtility.BaseClass1" name="@AfterSuite closeConnection" time="0.0">
    <ignored/>
  </testcase> <!-- @AfterSuite closeConnection -->
</testsuite> <!-- Test-Block 3 -->
